<?xml version="1.0" encoding="UTF-8"?>
<testsuite xmlns:xsi="http://www.w3.org/2001/XMLSchema-instance" xsi:noNamespaceSchemaLocation="https://maven.apache.org/surefire/maven-surefire-plugin/xsd/surefire-test-report-3.0.xsd" version="3.0" name="TestSuite" time="18.262" tests="1" errors="0" skipped="0" failures="0">
  <properties>
[...]
</properties>
  <testcase name="runScenario[&quot;Search Experience for product search in both home and Offers page&quot;, &quot;Optional[Place the order for Products]&quot;](1)" classname="CucumberOptions.TestNGRunner" time="15.821">
    <system-out><![CDATA[
@PlaceOrder
Scenario Outline: Search Experience for product search in both home and Offers page # src/test/java/features/Checkout.feature:14
  Given User is on GreenCart Landing page                                           # StepDefinations.LandingPageStepDefination.user_is_on_green_cart_landing_page()
  When user searched with Shortname Tom and extracted actual name of product        # StepDefinations.LandingPageStepDefination.user_searched_with_shortname_and_extracted_actual_name_of_product(java.lang.String)
  And Added "3" items of the selected product to cart                               # StepDefinations.LandingPageStepDefination.Added_product(java.lang.String)
  Then User proceeds to Checkout and validate the Tom items in checkout page        # StepDefinations.CheckoutPageStepDefinition.user_proceeds_to_checkout(java.lang.String)
  And verify user has ability to enter promo code and place the order               # StepDefinations.CheckoutPageStepDefinition.verify_user_has_ability_enter_promo()
]]></system-out>
    <system-err><![CDATA[Nov 18, 2024 9:32:10 PM org.openqa.selenium.devtools.CdpVersionFinder findNearestMatch
WARNING: Unable to find an exact match for CDP version 130, returning the closest version; found: 127; Please update to a Selenium version that supports CDP version 130
]]></system-err>
  </testcase>
</testsuite>